<?xml version="1.0" encoding="UTF-8"?>
<coverage generated="1507562621434" clover="3.2.0">
  <project timestamp="1507562621435" name="All files">
    <metrics statements="39" coveredstatements="20" conditionals="27" coveredconditionals="2" methods="21" coveredmethods="6" elements="87" coveredelements="28" complexity="0" loc="39" ncloc="39" packages="2" files="5" classes="5">
      <package name="src">
        <metrics statements="32" coveredstatements="13" conditionals="25" coveredconditionals="0" methods="20" coveredmethods="5"/>
        <file name="App.js" path="/Users/cadams14/Sites/tests-demos/react-project/react-case-study/src/App.js">
          <metrics statements="13" coveredstatements="13" conditionals="0" coveredconditionals="0" methods="5" coveredmethods="5"/>
          <line num="20" count="1" type="stmt"/>
          <line num="21" count="1" type="stmt"/>
          <line num="22" count="1" type="stmt"/>
          <line num="23" count="1" type="stmt"/>
          <line num="24" count="1" type="stmt"/>
          <line num="25" count="1" type="stmt"/>
          <line num="26" count="1" type="stmt"/>
          <line num="27" count="1" type="stmt"/>
          <line num="55" count="1" type="stmt"/>
          <line num="80" count="2" type="stmt"/>
          <line num="113" count="1" type="stmt"/>
          <line num="114" count="1" type="stmt"/>
          <line num="115" count="1" type="stmt"/>
        </file>
        <file name="index.js" path="/Users/cadams14/Sites/tests-demos/react-project/react-case-study/src/index.js">
          <metrics statements="5" coveredstatements="0" conditionals="4" coveredconditionals="0" methods="1" coveredmethods="0"/>
          <line num="1" count="0" type="stmt"/>
          <line num="4" count="0" type="stmt"/>
          <line num="5" count="0" type="cond" truecount="0" falsecount="4"/>
          <line num="7" count="0" type="stmt"/>
          <line num="8" count="0" type="stmt"/>
        </file>
        <file name="registerServiceWorker.js" path="/Users/cadams14/Sites/tests-demos/react-project/react-case-study/src/registerServiceWorker.js">
          <metrics statements="14" coveredstatements="0" conditionals="21" coveredconditionals="0" methods="14" coveredmethods="0"/>
          <line num="1" count="0" type="stmt"/>
          <line num="21" count="0" type="stmt"/>
          <line num="109" count="0" type="cond" truecount="0" falsecount="3"/>
          <line num="111" count="0" type="cond" truecount="0" falsecount="4"/>
          <line num="112" count="0" type="cond" truecount="0" falsecount="2"/>
          <line num="115" count="0" type="cond" truecount="0" falsecount="2"/>
          <line num="116" count="0" type="stmt"/>
          <line num="117" count="0" type="cond" truecount="0" falsecount="4"/>
          <line num="121" count="0" type="stmt"/>
          <line num="124" count="0" type="stmt"/>
          <line num="125" count="0" type="stmt"/>
          <line num="126" count="0" type="cond" truecount="0" falsecount="4"/>
          <line num="127" count="0" type="stmt"/>
          <line num="128" count="0" type="cond" truecount="0" falsecount="2"/>
        </file>
      </package>
      <package name="src.components">
        <metrics statements="7" coveredstatements="7" conditionals="2" coveredconditionals="2" methods="1" coveredmethods="1"/>
        <file name="productComponent.js" path="/Users/cadams14/Sites/tests-demos/react-project/react-case-study/src/components/productComponent.js">
          <metrics statements="0" coveredstatements="0" conditionals="0" coveredconditionals="0" methods="0" coveredmethods="0"/>
        </file>
        <file name="starComponent.js" path="/Users/cadams14/Sites/tests-demos/react-project/react-case-study/src/components/starComponent.js">
          <metrics statements="7" coveredstatements="7" conditionals="2" coveredconditionals="2" methods="1" coveredmethods="1"/>
          <line num="7" count="3" type="stmt"/>
          <line num="8" count="3" type="stmt"/>
          <line num="9" count="3" type="stmt"/>
          <line num="10" count="15" type="cond" truecount="2" falsecount="0"/>
          <line num="11" count="10" type="stmt"/>
          <line num="13" count="5" type="stmt"/>
          <line num="17" count="3" type="stmt"/>
        </file>
      </package>
    </metrics>
  </project>
</coverage>
